ARM GAS  C:\Users\28607\AppData\Local\Temp\ccsWXchM.s 			page 1


   1              		.cpu cortex-m4
   2              		.arch armv7e-m
   3              		.fpu fpv4-sp-d16
   4              		.eabi_attribute 27, 1
   5              		.eabi_attribute 28, 1
   6              		.eabi_attribute 20, 1
   7              		.eabi_attribute 21, 1
   8              		.eabi_attribute 23, 3
   9              		.eabi_attribute 24, 1
  10              		.eabi_attribute 25, 1
  11              		.eabi_attribute 26, 1
  12              		.eabi_attribute 30, 1
  13              		.eabi_attribute 34, 1
  14              		.eabi_attribute 18, 4
  15              		.file	"main.c"
  16              		.text
  17              	.Ltext0:
  18              		.cfi_sections	.debug_frame
  19              		.file 1 "Core/Src/main.c"
  20              		.section	.text.main,"ax",%progbits
  21              		.align	1
  22              		.global	main
  23              		.syntax unified
  24              		.thumb
  25              		.thumb_func
  27              	main:
  28              	.LFB0:
   1:Core/Src/main.c **** #include "init.h"
   2:Core/Src/main.c **** 
   3:Core/Src/main.c **** int main(void) {
  29              		.loc 1 3 16 view -0
  30              		.cfi_startproc
  31              		@ args = 0, pretend = 0, frame = 0
  32              		@ frame_needed = 0, uses_anonymous_args = 0
  33 0000 08B5     		push	{r3, lr}
  34              	.LCFI0:
  35              		.cfi_def_cfa_offset 8
  36              		.cfi_offset 3, -8
  37              		.cfi_offset 14, -4
   4:Core/Src/main.c ****     uint8_t leds_on = 0;   // –ö–æ–ª–∏—á–µ—Å—Ç–≤–æ –≤–∫–ª—é—á–µ–Ω–Ω—ã—Ö —Å–≤–µ—Ç–æ–¥–∏–æ–¥–æ–≤
  38              		.loc 1 4 5 view .LVU1
  39              	.LVL0:
   5:Core/Src/main.c ****     uint8_t leds_max = 6;   // –ú–∞–∫—Å–∏–º–∞–ª—å–Ω–æ–µ –∫–æ–ª–∏—á–µ—Å—Ç–≤–æ —Å–≤–µ—Ç–æ–¥–∏–æ–¥–æ–≤
  40              		.loc 1 5 5 view .LVU2
   6:Core/Src/main.c ****     uint8_t leds_count = 0; // –¢–µ–∫—É—â–µ–µ –∫–æ–ª–∏—á–µ—Å—Ç–≤–æ –≤–∫–ª—é—á–µ–Ω–Ω—ã—Ö —Å–≤–µ—Ç–æ–
  41              		.loc 1 6 5 view .LVU3
   7:Core/Src/main.c **** 
   8:Core/Src/main.c ****     GPIO_Ini(); // –ò–Ω–∏—Ü–∏–∞–ª–∏–∑–∞—Ü–∏—è GPIO
  42              		.loc 1 8 5 view .LVU4
  43 0002 FFF7FEFF 		bl	GPIO_Ini
  44              	.LVL1:
  45              	.L4:
   9:Core/Src/main.c **** 
  10:Core/Src/main.c ****     while (1) {
  46              		.loc 1 10 5 view .LVU5
  11:Core/Src/main.c ****         // –ü—Ä–æ–≤–µ—Ä–∫–∞ –Ω–∞–∂–∞—Ç–∏—è –ø–µ—Ä–≤–æ–π –∫–Ω–æ–ø–∫–∏ (–¥–ª—è —É—Å—Ç–∞–Ω–æ–≤–∫–∏ –∫–
  12:Core/Src/main.c ****         if (READ_BIT(GPIOC_IDR, (1 << GPIOC_BUTTON1_PIN)) != 0) {
ARM GAS  C:\Users\28607\AppData\Local\Temp\ccsWXchM.s 			page 2


  47              		.loc 1 12 9 view .LVU6
  48              		.loc 1 12 13 is_stmt 0 view .LVU7
  49 0006 084B     		ldr	r3, .L8
  50 0008 D3F81038 		ldr	r3, [r3, #2064]
  51              		.loc 1 12 12 view .LVU8
  52 000c 13F4005F 		tst	r3, #8192
  53 0010 09D1     		bne	.L3
  13:Core/Src/main.c ****             leds_on++;
  14:Core/Src/main.c ****             if (leds_on > leds_max) {
  15:Core/Src/main.c ****                 leds_on = 0; // –ï—Å–ª–∏ –ø—Ä–µ–≤—ã—à–µ–Ω –º–∞–∫—Å–∏–º—É–º, —Å–±—Ä–∞—Å—ã–≤–∞–µ–º
  16:Core/Src/main.c ****             }
  17:Core/Src/main.c ****             // –û–∂–∏–¥–∞–Ω–∏–µ –æ—Ç–ø—É—Å–∫–∞–Ω–∏—è –∫–Ω–æ–ø–∫–∏
  18:Core/Src/main.c ****             while (READ_BIT(GPIOC_IDR, (1 << GPIOC_BUTTON1_PIN)) != 0);
  19:Core/Src/main.c ****         }
  20:Core/Src/main.c **** 
  21:Core/Src/main.c ****         // –ü—Ä–æ–≤–µ—Ä–∫–∞ –Ω–∞–∂–∞—Ç–∏—è –≤—Ç–æ—Ä–æ–π –∫–Ω–æ–ø–∫–∏ (–¥–ª—è –≤–∫–ª—é—á–µ–Ω–∏—è/–≤—
  22:Core/Src/main.c ****         if (READ_BIT(GPIOC_IDR, (1 << GPIOC_BUTTON2_PIN)) != 0) {
  54              		.loc 1 22 9 is_stmt 1 view .LVU9
  55              		.loc 1 22 12 is_stmt 0 view .LVU10
  56 0012 13F0010F 		tst	r3, #1
  57 0016 F6D0     		beq	.L4
  58              	.L5:
  23:Core/Src/main.c ****             // –í–∫–ª—é—á–∞–µ–º –Ω—É–∂–Ω–æ–µ –∫–æ–ª–∏—á–µ—Å—Ç–≤–æ —Å–≤–µ—Ç–æ–¥–∏–æ–¥–æ–≤
  24:Core/Src/main.c ****             for (leds_count = 0; leds_count < leds_on; leds_count++) {
  25:Core/Src/main.c ****                 SET_BIT(GPIOB_BSRR, (1 << (leds_count))); // –í–∫–ª—é—á–∞–µ–º —Å–≤–µ—Ç–æ–¥–∏–æ–¥—ã
  26:Core/Src/main.c ****             }
  27:Core/Src/main.c ****             // –û–∂–∏–¥–∞–Ω–∏–µ –æ—Ç–ø—É—Å–∫–∞–Ω–∏—è –∫–Ω–æ–ø–∫–∏
  28:Core/Src/main.c ****             while (READ_BIT(GPIOC_IDR, (1 << GPIOC_BUTTON2_PIN)) != 0);
  59              		.loc 1 28 66 is_stmt 1 discriminator 1 view .LVU11
  60              		.loc 1 28 20 is_stmt 0 discriminator 1 view .LVU12
  61 0018 034B     		ldr	r3, .L8
  62 001a D3F81038 		ldr	r3, [r3, #2064]
  63              		.loc 1 28 66 discriminator 1 view .LVU13
  64 001e 13F0010F 		tst	r3, #1
  65 0022 F9D1     		bne	.L5
  66 0024 EFE7     		b	.L4
  67              	.LVL2:
  68              	.L3:
  18:Core/Src/main.c ****         }
  69              		.loc 1 18 66 is_stmt 1 discriminator 1 view .LVU14
  70 0026 FEE7     		b	.L3
  71              	.L9:
  72              		.align	2
  73              	.L8:
  74 0028 00000240 		.word	1073872896
  75              		.cfi_endproc
  76              	.LFE0:
  78              		.text
  79              	.Letext0:
  80              		.file 2 "C:/SysGCC/arm-eabi/arm-none-eabi/include/machine/_default_types.h"
  81              		.file 3 "C:/SysGCC/arm-eabi/arm-none-eabi/include/sys/_stdint.h"
  82              		.file 4 "Core/Inc/init.h"
ARM GAS  C:\Users\28607\AppData\Local\Temp\ccsWXchM.s 			page 3


DEFINED SYMBOLS
                            *ABS*:00000000 main.c
C:\Users\28607\AppData\Local\Temp\ccsWXchM.s:21     .text.main:00000000 $t
C:\Users\28607\AppData\Local\Temp\ccsWXchM.s:27     .text.main:00000000 main
C:\Users\28607\AppData\Local\Temp\ccsWXchM.s:74     .text.main:00000028 $d

UNDEFINED SYMBOLS
GPIO_Ini
